<?xml version="1.0" encoding="UTF-8"?>
<!-- Generated by org.testng.reporters.JUnitReportReporter -->
<testsuite hostname="DESKTOP-KQS8UMH" failures="0" tests="1" name="InternetHerokuApp.FileUpload" time="17.855" errors="0" timestamp="2022-07-20T13:01:32 IST" skipped="0">
  <testcase classname="InternetHerokuApp.FileUpload" name="test" time="17.855"/>
  <system-out/>
</testsuite> <!-- InternetHerokuApp.FileUpload -->
