<?xml version="1.0" encoding="UTF-8"?>
<!-- Generated by org.testng.reporters.JUnitReportReporter -->
<testsuite hostname="DESKTOP-KQS8UMH" failures="0" tests="1" name="InternetHerokuApp.Frames" time="15.226" errors="0" timestamp="2022-07-20T12:44:19 IST" skipped="0">
  <testcase classname="InternetHerokuApp.Frames" name="test" time="15.226"/>
  <system-out/>
</testsuite> <!-- InternetHerokuApp.Frames -->
