<?xml version="1.0" encoding="UTF-8"?>
<!-- Generated by org.testng.reporters.JUnitReportReporter -->
<testsuite hostname="DESKTOP-KQS8UMH" failures="0" tests="1" name="InternetHerokuApp.Auth2" time="18.979" errors="0" timestamp="2022-07-19T22:08:21 IST" skipped="0">
  <testcase classname="InternetHerokuApp.Auth2" name="auth" time="18.979"/>
  <system-out/>
</testsuite> <!-- InternetHerokuApp.Auth2 -->
