<?xml version="1.0" encoding="UTF-8"?>
<!-- Generated by org.testng.reporters.JUnitReportReporter -->
<testsuite hostname="DESKTOP-KQS8UMH" failures="0" tests="1" name="InternetHerokuApp.Checkboxes" time="16.767" errors="0" timestamp="2022-07-19T19:43:19 IST" skipped="0">
  <testcase classname="InternetHerokuApp.Checkboxes" name="test" time="16.767"/>
  <system-out/>
</testsuite> <!-- InternetHerokuApp.Checkboxes -->
