<?xml version="1.0" encoding="UTF-8"?>
<!-- Generated by org.testng.reporters.JUnitReportReporter -->
<testsuite hostname="DESKTOP-KQS8UMH" failures="0" tests="2" name="TestNGPackage.TestNGGroups" time="0.005" errors="0" timestamp="2022-07-14T00:43:01 IST" skipped="1">
  <testcase classname="TestNGPackage.TestNGGroups" name="test1" time="0.005"/>
  <system-out/>
  <testcase classname="TestNGPackage.TestNGGroups" name="test2">
    <skipped/>
  </testcase> <!-- test2 -->
  <system-out/>
</testsuite> <!-- TestNGPackage.TestNGGroups -->
