<?xml version="1.0" encoding="UTF-8"?>
<!-- Generated by org.testng.reporters.JUnitReportReporter -->
<testsuite hostname="DESKTOP-KQS8UMH" failures="0" tests="1" name="InternetHerokuApp.JavascriptAlert" time="20.963" errors="0" timestamp="2022-07-20T17:57:30 IST" skipped="0">
  <testcase classname="InternetHerokuApp.JavascriptAlert" name="test" time="20.963"/>
  <system-out/>
</testsuite> <!-- InternetHerokuApp.JavascriptAlert -->
