<?xml version="1.0" encoding="UTF-8"?>
<!-- Generated by org.testng.reporters.JUnitReportReporter -->
<testsuite hostname="DESKTOP-KQS8UMH" failures="0" tests="1" name="InternetHerokuApp.AuthenticatePopup" time="17.448" errors="0" timestamp="2022-07-19T19:15:19 IST" skipped="0">
  <testcase classname="InternetHerokuApp.AuthenticatePopup" name="test" time="17.448"/>
  <system-out/>
</testsuite> <!-- InternetHerokuApp.AuthenticatePopup -->
