<?xml version="1.0" encoding="UTF-8"?>
<!-- Generated by org.testng.reporters.JUnitReportReporter -->
<testsuite hostname="DESKTOP-KQS8UMH" failures="0" tests="1" name="TestNGPackage.WriteExcel" time="1.852" errors="0" timestamp="2022-07-18T21:06:05 IST" skipped="0">
  <testcase classname="TestNGPackage.WriteExcel" name="writeExcel" time="1.852"/>
  <system-out/>
</testsuite> <!-- TestNGPackage.WriteExcel -->
