<?xml version="1.0" encoding="UTF-8"?>
<!-- Generated by org.testng.reporters.JUnitReportReporter -->
<testsuite hostname="DESKTOP-KQS8UMH" failures="0" tests="1" name="JavaInterviewCoding.JavaCode2" time="0.016" errors="0" timestamp="2022-07-18T21:19:51 IST" skipped="0">
  <testcase classname="JavaInterviewCoding.JavaCode2" name="tes2" time="0.016"/>
  <system-out/>
</testsuite> <!-- JavaInterviewCoding.JavaCode2 -->
