<?xml version="1.0" encoding="UTF-8"?>
<!-- Generated by org.testng.reporters.JUnitReportReporter -->
<testsuite hostname="DESKTOP-KQS8UMH" failures="0" tests="1" name="InternetHerokuApp.DropDownSelect" time="18.054" errors="0" timestamp="2022-07-19T22:29:11 IST" skipped="0">
  <testcase classname="InternetHerokuApp.DropDownSelect" name="test" time="18.054"/>
  <system-out/>
</testsuite> <!-- InternetHerokuApp.DropDownSelect -->
