<?xml version="1.0" encoding="UTF-8"?>
<!-- Generated by org.testng.reporters.JUnitReportReporter -->
<testsuite hostname="DESKTOP-KQS8UMH" failures="0" tests="1" name="TestNGPackage.DownloadFile" time="0.750" errors="0" timestamp="2022-07-18T18:42:36 IST" skipped="0">
  <testcase classname="TestNGPackage.DownloadFile" name="tes" time="0.750"/>
  <system-out/>
</testsuite> <!-- TestNGPackage.DownloadFile -->
