<?xml version="1.0" encoding="UTF-8"?>
<!-- Generated by org.testng.reporters.JUnitReportReporter -->
<testsuite hostname="DESKTOP-KQS8UMH" failures="0" tests="1" name="JavaInterviewCoding.JavaCode3" time="0.023" errors="0" timestamp="2022-07-18T21:43:04 IST" skipped="0">
  <testcase classname="JavaInterviewCoding.JavaCode3" name="test3" time="0.023"/>
  <system-out/>
</testsuite> <!-- JavaInterviewCoding.JavaCode3 -->
