<?xml version="1.0" encoding="UTF-8"?>
<!-- Generated by org.testng.reporters.JUnitReportReporter -->
<testsuite hostname="DESKTOP-KQS8UMH" failures="0" tests="1" name="JavaInterviewCoding.JavaCode10" time="0.018" errors="0" timestamp="2022-07-23T20:39:30 IST" skipped="0">
  <testcase classname="JavaInterviewCoding.JavaCode10" name="test" time="0.018"/>
  <system-out/>
</testsuite> <!-- JavaInterviewCoding.JavaCode10 -->
