<?xml version="1.0" encoding="UTF-8"?>
<!-- Generated by org.testng.reporters.JUnitReportReporter -->
<testsuite hostname="DESKTOP-KQS8UMH" failures="0" tests="1" name="InternetHerokuAppPractice" time="18.034" errors="0" timestamp="2022-07-19T19:12:24 IST" skipped="0">
  <testcase classname="InternetHerokuAppPractice" name="test" time="18.034"/>
  <system-out/>
</testsuite> <!-- InternetHerokuAppPractice -->
