<?xml version="1.0" encoding="UTF-8"?>
<!-- Generated by org.testng.reporters.JUnitReportReporter -->
<testsuite hostname="DESKTOP-KQS8UMH" failures="0" tests="1" name="TestNGPackage.UploadFile" time="32.536" errors="0" timestamp="2022-07-18T17:27:53 IST" skipped="0">
  <testcase classname="TestNGPackage.UploadFile" name="check" time="32.536"/>
  <system-out/>
</testsuite> <!-- TestNGPackage.UploadFile -->
