<?xml version="1.0" encoding="UTF-8"?>
<!-- Generated by org.testng.reporters.JUnitReportReporter -->
<testsuite hostname="DESKTOP-KQS8UMH" failures="0" tests="9" name="TestNGPriority" time="0.055" errors="0" timestamp="2022-07-13T21:43:30 IST" skipped="0">
  <testcase classname="TestNGPriority" name="test8" time="0.021"/>
  <system-out/>
  <testcase classname="TestNGPriority" name="test9" time="0.004"/>
  <system-out/>
  <testcase classname="TestNGPriority" name="test2" time="0.002"/>
  <system-out/>
  <testcase classname="TestNGPriority" name="test3" time="0.002"/>
  <system-out/>
  <testcase classname="TestNGPriority" name="test1" time="0.003"/>
  <system-out/>
  <testcase classname="TestNGPriority" name="test$" time="0.011"/>
  <system-out/>
  <testcase classname="TestNGPriority" name="_test_" time="0.006"/>
  <system-out/>
  <testcase classname="TestNGPriority" name="test5" time="0.002"/>
  <system-out/>
  <testcase classname="TestNGPriority" name="test6" time="0.004"/>
  <system-out/>
</testsuite> <!-- TestNGPriority -->
