<?xml version="1.0" encoding="UTF-8"?>
<!-- Generated by org.testng.reporters.JUnitReportReporter -->
<testsuite hostname="DESKTOP-KQS8UMH" failures="0" tests="1" name="TestNGPackage.Topics" time="190.280" errors="0" timestamp="2022-07-18T20:08:53 IST" skipped="0">
  <testcase classname="TestNGPackage.Topics" name="test" time="190.280"/>
  <system-out/>
</testsuite> <!-- TestNGPackage.Topics -->
