<?xml version="1.0" encoding="UTF-8"?>
<!-- Generated by org.testng.reporters.JUnitReportReporter -->
<testsuite hostname="DESKTOP-KQS8UMH" failures="0" tests="1" name="InternetHerokuApp.FileDownload" time="11.805" errors="0" timestamp="2022-07-20T16:34:15 IST" skipped="0">
  <testcase classname="InternetHerokuApp.FileDownload" name="test" time="11.805"/>
  <system-out/>
</testsuite> <!-- InternetHerokuApp.FileDownload -->
