<?xml version="1.0" encoding="UTF-8"?>
<!-- Generated by org.testng.reporters.JUnitReportReporter -->
<testsuite hostname="DESKTOP-KQS8UMH" failures="0" tests="1" name="JavaInterviewCoding.ReverseNumber" time="0.011" errors="0" timestamp="2022-07-19T14:19:33 IST" skipped="0">
  <testcase classname="JavaInterviewCoding.ReverseNumber" name="test" time="0.011"/>
  <system-out/>
</testsuite> <!-- JavaInterviewCoding.ReverseNumber -->
