<?xml version="1.0" encoding="UTF-8"?>
<!-- Generated by org.testng.reporters.JUnitReportReporter -->
<testsuite hostname="DESKTOP-KQS8UMH" failures="0" tests="3" name="TestNGGroups" time="0.068" errors="0" timestamp="2022-07-13T22:04:58 IST" skipped="1">
  <testcase classname="TestNGGroups" name="test1" time="0.014"/>
  <system-out/>
  <testcase classname="TestNGGroups" name="test3" time="0.054"/>
  <system-out/>
  <testcase classname="TestNGGroups" name="test2">
    <skipped/>
  </testcase> <!-- test2 -->
  <system-out/>
</testsuite> <!-- TestNGGroups -->
