<?xml version="1.0" encoding="UTF-8"?>
<!-- Generated by org.testng.reporters.JUnitReportReporter -->
<testsuite hostname="DESKTOP-KQS8UMH" failures="0" tests="1" name="TestNGPackage.PracticeSeleniumJobs" time="73.485" errors="0" timestamp="2022-07-18T14:50:23 IST" skipped="0">
  <testcase classname="TestNGPackage.PracticeSeleniumJobs" name="Practice" time="73.485"/>
  <system-out/>
</testsuite> <!-- TestNGPackage.PracticeSeleniumJobs -->
