<?xml version="1.0" encoding="UTF-8"?>
<!-- Generated by org.testng.reporters.JUnitReportReporter -->
<testsuite hostname="DESKTOP-KQS8UMH" failures="0" tests="1" name="JavaInterviewCoding.JavaCode9" time="0.012" errors="0" timestamp="2022-07-22T13:30:57 IST" skipped="0">
  <testcase classname="JavaInterviewCoding.JavaCode9" name="test" time="0.012"/>
  <system-out/>
</testsuite> <!-- JavaInterviewCoding.JavaCode9 -->
