<?xml version="1.0" encoding="UTF-8"?>
<!-- Generated by org.testng.reporters.JUnitReportReporter -->
<testsuite hostname="DESKTOP-KQS8UMH" failures="0" tests="1" name="InternetHerokuApp.MultipleWindow" time="28.890" errors="0" timestamp="2022-07-20T20:59:15 IST" skipped="0">
  <testcase classname="InternetHerokuApp.MultipleWindow" name="test" time="28.890"/>
  <system-out/>
</testsuite> <!-- InternetHerokuApp.MultipleWindow -->
