<?xml version="1.0" encoding="UTF-8"?>
<!-- Generated by org.testng.reporters.JUnitReportReporter -->
<testsuite hostname="DESKTOP-KQS8UMH" failures="0" tests="1" name="JavaInterviewCoding.ReverseString" time="0.019" errors="0" timestamp="2022-07-18T22:03:48 IST" skipped="0">
  <testcase classname="JavaInterviewCoding.ReverseString" name="test" time="0.019"/>
  <system-out/>
</testsuite> <!-- JavaInterviewCoding.ReverseString -->
