<?xml version="1.0" encoding="UTF-8"?>
<!-- Generated by org.testng.reporters.JUnitReportReporter -->
<testsuite hostname="DESKTOP-KQS8UMH" failures="0" tests="1" name="JavaInterviewCoding.JavaCode7" time="0.020" errors="0" timestamp="2022-07-19T14:28:28 IST" skipped="0">
  <testcase classname="JavaInterviewCoding.JavaCode7" name="test" time="0.020"/>
  <system-out/>
</testsuite> <!-- JavaInterviewCoding.JavaCode7 -->
