<?xml version="1.0" encoding="UTF-8"?>
<!-- Generated by org.testng.reporters.JUnitReportReporter -->
<testsuite hostname="DESKTOP-KQS8UMH" failures="0" tests="1" name="InternetHerokuApp.Scroll" time="30.713" errors="0" timestamp="2022-07-20T20:42:25 IST" skipped="0">
  <testcase classname="InternetHerokuApp.Scroll" name="test" time="30.713"/>
  <system-out/>
</testsuite> <!-- InternetHerokuApp.Scroll -->
