<?xml version="1.0" encoding="UTF-8"?>
<!-- Generated by org.testng.reporters.JUnitReportReporter -->
<testsuite hostname="DESKTOP-KQS8UMH" failures="0" tests="1" name="InternetHerokuApp.DragAndDrop" time="18.809" errors="0" timestamp="2022-07-19T22:23:26 IST" skipped="0">
  <testcase classname="InternetHerokuApp.DragAndDrop" name="test" time="18.809"/>
  <system-out/>
</testsuite> <!-- InternetHerokuApp.DragAndDrop -->
