<?xml version="1.0" encoding="UTF-8"?>
<!-- Generated by org.testng.reporters.JUnitReportReporter -->
<testsuite hostname="DESKTOP-KQS8UMH" failures="0" tests="1" name="JavaInterviewCoding.JavaCode8" time="0.014" errors="0" timestamp="2022-07-20T11:38:07 IST" skipped="0">
  <testcase classname="JavaInterviewCoding.JavaCode8" name="test" time="0.014"/>
  <system-out/>
</testsuite> <!-- JavaInterviewCoding.JavaCode8 -->
