<?xml version="1.0" encoding="UTF-8"?>
<!-- Generated by org.testng.reporters.JUnitReportReporter -->
<testsuite hostname="DESKTOP-KQS8UMH" failures="0" tests="1" name="TestNGPackage.ExcelData" time="0.918" errors="0" timestamp="2022-07-18T20:46:55 IST" skipped="0">
  <testcase classname="TestNGPackage.ExcelData" name="excel" time="0.918"/>
  <system-out/>
</testsuite> <!-- TestNGPackage.ExcelData -->
